<?xml version="1.0" encoding="UTF-8" ?>
<testsuite tests="18" failures="0" name="hr.fer.oprpp1.custom.collections.LinkedListIndexedCollectionTest" time="0.001" errors="0" skipped="0">
  <properties>
[...]
</properties>
  <testcase classname="hr.fer.oprpp1.custom.collections.LinkedListIndexedCollectionTest" name="hr.fer.oprpp1.custom.collections.LinkedListIndexedCollectionTest.testAddNullArgument" time="0"/>
  <testcase classname="hr.fer.oprpp1.custom.collections.LinkedListIndexedCollectionTest" name="hr.fer.oprpp1.custom.collections.LinkedListIndexedCollectionTest.testEmptyCollection" time="0"/>
  <testcase classname="hr.fer.oprpp1.custom.collections.LinkedListIndexedCollectionTest" name="hr.fer.oprpp1.custom.collections.LinkedListIndexedCollectionTest.testConversionToArray" time="0"/>
  <testcase classname="hr.fer.oprpp1.custom.collections.LinkedListIndexedCollectionTest" name="hr.fer.oprpp1.custom.collections.LinkedListIndexedCollectionTest.testClearCollection" time="0"/>
  <testcase classname="hr.fer.oprpp1.custom.collections.LinkedListIndexedCollectionTest" name="hr.fer.oprpp1.custom.collections.LinkedListIndexedCollectionTest.testDoesntContainesObject" time="0"/>
  <testcase classname="hr.fer.oprpp1.custom.collections.LinkedListIndexedCollectionTest" name="hr.fer.oprpp1.custom.collections.LinkedListIndexedCollectionTest.testNotEmptyCollection" time="0.001"/>
  <testcase classname="hr.fer.oprpp1.custom.collections.LinkedListIndexedCollectionTest" name="hr.fer.oprpp1.custom.collections.LinkedListIndexedCollectionTest.testInvalidIndexPosition2" time="0"/>
  <testcase classname="hr.fer.oprpp1.custom.collections.LinkedListIndexedCollectionTest" name="hr.fer.oprpp1.custom.collections.LinkedListIndexedCollectionTest.testContainesObject" time="0"/>
  <testcase classname="hr.fer.oprpp1.custom.collections.LinkedListIndexedCollectionTest" name="hr.fer.oprpp1.custom.collections.LinkedListIndexedCollectionTest.testInvalidIndexPosition1" time="0"/>
  <testcase classname="hr.fer.oprpp1.custom.collections.LinkedListIndexedCollectionTest" name="hr.fer.oprpp1.custom.collections.LinkedListIndexedCollectionTest.testInsertion" time="0"/>
  <testcase classname="hr.fer.oprpp1.custom.collections.LinkedListIndexedCollectionTest" name="hr.fer.oprpp1.custom.collections.LinkedListIndexedCollectionTest.testIllegalIndex" time="0"/>
  <testcase classname="hr.fer.oprpp1.custom.collections.LinkedListIndexedCollectionTest" name="hr.fer.oprpp1.custom.collections.LinkedListIndexedCollectionTest.testRemovesObject" time="0"/>
  <testcase classname="hr.fer.oprpp1.custom.collections.LinkedListIndexedCollectionTest" name="hr.fer.oprpp1.custom.collections.LinkedListIndexedCollectionTest.testSize" time="0"/>
  <testcase classname="hr.fer.oprpp1.custom.collections.LinkedListIndexedCollectionTest" name="hr.fer.oprpp1.custom.collections.LinkedListIndexedCollectionTest.testGetByIndex" time="0"/>
  <testcase classname="hr.fer.oprpp1.custom.collections.LinkedListIndexedCollectionTest" name="hr.fer.oprpp1.custom.collections.LinkedListIndexedCollectionTest.testIndexOfEl" time="0"/>
  <testcase classname="hr.fer.oprpp1.custom.collections.LinkedListIndexedCollectionTest" name="hr.fer.oprpp1.custom.collections.LinkedListIndexedCollectionTest.testIndexOfNull" time="0"/>
  <testcase classname="hr.fer.oprpp1.custom.collections.LinkedListIndexedCollectionTest" name="hr.fer.oprpp1.custom.collections.LinkedListIndexedCollectionTest.testConstructor2" time="0"/>
  <testcase classname="hr.fer.oprpp1.custom.collections.LinkedListIndexedCollectionTest" name="hr.fer.oprpp1.custom.collections.LinkedListIndexedCollectionTest.testAdd" time="0"/>
</testsuite>